  smart.cpp
c:\visual\base\smart\videocontroller.h(31): warning C4244: 'argument': conversion from 'double' to 'int', possible loss of data
c:\visual\base\smart\videocontroller.h(30): warning C4244: 'argument': conversion from 'double' to 'int', possible loss of data
c:\visual\base\smart\videocontroller.h(58): warning C4244: '=': conversion from 'double' to 'int', possible loss of data
c:\visual\base\smart\videocontroller.h(82): warning C4244: 'argument': conversion from 'double' to 'int', possible loss of data
c:\visual\base\smart\smart.cpp(27): warning C4244: 'argument': conversion from 'double' to 'int', possible loss of data
c:\visual\base\smart\smart.cpp(34): warning C4244: 'initializing': conversion from 'double' to 'int', possible loss of data
c:\visual\base\smart\smart.cpp(42): warning C4244: 'initializing': conversion from 'int' to 'float', possible loss of data
c:\visual\base\smart\smart.cpp(44): warning C4244: '=': conversion from 'double' to 'float', possible loss of data
c:\visual\base\smart\smart.cpp(55): warning C4244: 'argument': conversion from 'float' to 'int', possible loss of data
c:\visual\base\smart\smart.cpp(57): warning C4244: 'argument': conversion from 'float' to 'int', possible loss of data
c:\visual\base\smart\smart.cpp(74): warning C4244: 'argument': conversion from 'double' to 'int', possible loss of data
c:\visual\base\smart\smart.cpp(75): warning C4244: 'argument': conversion from 'double' to 'int', possible loss of data
c:\visual\base\smart\smart.cpp(95): warning C4244: 'argument': conversion from 'double' to 'int', possible loss of data
c:\visual\base\smart\smart.cpp(96): warning C4244: 'argument': conversion from 'double' to 'int', possible loss of data
  Generating code
  2 of 519 functions ( 0.4%) were compiled, the rest were copied from previous compilation.
    0 functions were new in current compilation
    0 functions had inline decision re-evaluated but remain unchanged
  Finished generating code
  smart.vcxproj -> C:\visual\base\x64\Release\smart.exe
